<?xml version="1.0" encoding="UTF-8"?>
<!-- Generated by org.testng.reporters.JUnitXMLReporter -->
<testsuite ignored="3" hostname="DESKTOP-OCB70KL" failures="0" tests="0" time="0.002" errors="0" timestamp="20 ספט׳ 2020 19:43:59 GMT">
  <testcase classname="qaclickacademy.SeleniumTest" name="elementsUi" time="0.0">
    <ignored/>
  </testcase> <!-- elementsUi -->
  <testcase classname="qaclickacademy.SeleniumTest" name="elementsUi2" time="0.0">
    <ignored/>
  </testcase> <!-- elementsUi2 -->
  <testcase classname="qaclickacademy.SeleniumTest" name="BrowserAUtomation" time="0.0">
    <ignored/>
  </testcase> <!-- BrowserAUtomation -->
</testsuite>
